Performing C SOURCE FILE Test CMAKE_HAVE_LIBC_PTHREAD failed with the following output:
Change Dir: /home/ubuntu/Downloads/CUDA_DigitallyReconstructedRadiographs-master/SiddonClassLib/build/CMakeFiles/CMakeTmp

Run Build Command(s):/usr/bin/make cmTC_7d59e/fast && /usr/bin/make  -f CMakeFiles/cmTC_7d59e.dir/build.make CMakeFiles/cmTC_7d59e.dir/build
make[1]: Entering directory '/home/ubuntu/Downloads/CUDA_DigitallyReconstructedRadiographs-master/SiddonClassLib/build/CMakeFiles/CMakeTmp'
Building C object CMakeFiles/cmTC_7d59e.dir/src.c.o
/usr/bin/cc -DCMAKE_HAVE_LIBC_PTHREAD  -fPIC  -o CMakeFiles/cmTC_7d59e.dir/src.c.o -c /home/ubuntu/Downloads/CUDA_DigitallyReconstructedRadiographs-master/SiddonClassLib/build/CMakeFiles/CMakeTmp/src.c
Linking C executable cmTC_7d59e
/usr/local/bin/cmake -E cmake_link_script CMakeFiles/cmTC_7d59e.dir/link.txt --verbose=1
/usr/bin/cc -fPIC  -rdynamic CMakeFiles/cmTC_7d59e.dir/src.c.o -o cmTC_7d59e 
CMakeFiles/cmTC_7d59e.dir/src.c.o: In function `main':
src.c:(.text+0x3e): undefined reference to `pthread_create'
src.c:(.text+0x4a): undefined reference to `pthread_detach'
src.c:(.text+0x56): undefined reference to `pthread_cancel'
src.c:(.text+0x67): undefined reference to `pthread_join'
src.c:(.text+0x7b): undefined reference to `pthread_atfork'
collect2: error: ld returned 1 exit status
CMakeFiles/cmTC_7d59e.dir/build.make:105: recipe for target 'cmTC_7d59e' failed
make[1]: *** [cmTC_7d59e] Error 1
make[1]: Leaving directory '/home/ubuntu/Downloads/CUDA_DigitallyReconstructedRadiographs-master/SiddonClassLib/build/CMakeFiles/CMakeTmp'
Makefile:140: recipe for target 'cmTC_7d59e/fast' failed
make: *** [cmTC_7d59e/fast] Error 2


Source file was:
#include <pthread.h>

static void* test_func(void* data)
{
  return data;
}

int main(void)
{
  pthread_t thread;
  pthread_create(&thread, NULL, test_func, NULL);
  pthread_detach(thread);
  pthread_cancel(thread);
  pthread_join(thread, NULL);
  pthread_atfork(NULL, NULL, NULL);
  pthread_exit(NULL);

  return 0;
}

Determining if the function pthread_create exists in the pthreads failed with the following output:
Change Dir: /home/ubuntu/Downloads/CUDA_DigitallyReconstructedRadiographs-master/SiddonClassLib/build/CMakeFiles/CMakeTmp

Run Build Command(s):/usr/bin/make cmTC_bb525/fast && /usr/bin/make  -f CMakeFiles/cmTC_bb525.dir/build.make CMakeFiles/cmTC_bb525.dir/build
make[1]: Entering directory '/home/ubuntu/Downloads/CUDA_DigitallyReconstructedRadiographs-master/SiddonClassLib/build/CMakeFiles/CMakeTmp'
Building C object CMakeFiles/cmTC_bb525.dir/CheckFunctionExists.c.o
/usr/bin/cc   -fPIC -DCHECK_FUNCTION_EXISTS=pthread_create -o CMakeFiles/cmTC_bb525.dir/CheckFunctionExists.c.o -c /usr/local/share/cmake-3.19/Modules/CheckFunctionExists.c
Linking C executable cmTC_bb525
/usr/local/bin/cmake -E cmake_link_script CMakeFiles/cmTC_bb525.dir/link.txt --verbose=1
/usr/bin/cc -fPIC -DCHECK_FUNCTION_EXISTS=pthread_create -rdynamic CMakeFiles/cmTC_bb525.dir/CheckFunctionExists.c.o -o cmTC_bb525  -lpthreads 
/usr/bin/ld: cannot find -lpthreads
collect2: error: ld returned 1 exit status
CMakeFiles/cmTC_bb525.dir/build.make:105: recipe for target 'cmTC_bb525' failed
make[1]: *** [cmTC_bb525] Error 1
make[1]: Leaving directory '/home/ubuntu/Downloads/CUDA_DigitallyReconstructedRadiographs-master/SiddonClassLib/build/CMakeFiles/CMakeTmp'
Makefile:140: recipe for target 'cmTC_bb525/fast' failed
make: *** [cmTC_bb525/fast] Error 2



